<?xml version="1.0" encoding="UTF-8"?>
<!-- Generated by org.testng.reporters.JUnitXMLReporter -->
<testsuite ignored="2" hostname="IN2447374W2" failures="0" tests="1" name="Default test" time="29.35" errors="0" timestamp="2024-04-10T10:11:48 IST">
  <testcase classname="testcases.RegisterTest" name="registerWithAllMandatoryDetail" time="5.951"/>
  <testcase classname="testcases.RegisterTest" name="registerWithAllDetailAndSubscriptionYes" time="0.0">
    <ignored/>
  </testcase> <!-- registerWithAllDetailAndSubscriptionYes -->
  <testcase classname="testcases.RegisterTest" name="registerWithoutProvidingAnyDetail" time="0.0">
    <ignored/>
  </testcase> <!-- registerWithoutProvidingAnyDetail -->
</testsuite> <!-- Default test -->
